<?xml version="1.0" encoding="UTF-8"?>
<!-- Generated by org.testng.reporters.JUnitReportReporter -->
<testsuite hostname="192.168.1.12" failures="0" tests="2" name="learning.testNG.parallel.parallelDataProvider.testCases.SignInTest" time="0.061" errors="0" timestamp="2024-07-17T08:40:04 ICT" skipped="0">
  <testcase classname="learning.testNG.parallel.parallelDataProvider.testCases.SignInTest" name="testSignInvalid" time="0.002"/>
  <testcase classname="learning.testNG.parallel.parallelDataProvider.testCases.SignInTest" name="testSignInValid" time="0.059"/>
</testsuite> <!-- learning.testNG.parallel.parallelDataProvider.testCases.SignInTest -->
